<?xml version="1.0" encoding="UTF-8"?>
<!-- Generated by org.testng.reporters.JUnitReportReporter -->
<testsuite hostname="Vamsi" failures="0" tests="2" name="TestNg.RunnerScript2" time="9.000" errors="0" timestamp="2023-12-13T19:59:26 IST" skipped="0">
  <testcase classname="TestNg.RunnerScript2" name="login2" time="4.760"/>
  <system-out/>
  <testcase classname="TestNg.RunnerScript2" name="login" time="4.240"/>
  <system-out/>
</testsuite> <!-- TestNg.RunnerScript2 -->
