<?xml version="1.0" encoding="UTF-8"?>
<!-- Generated by org.testng.reporters.JUnitReportReporter -->
<testsuite hostname="Vamsi" failures="0" tests="1" name="TestNg.RunnerScript" time="8.313" errors="0" timestamp="2023-12-13T19:39:33 IST" skipped="0">
  <testcase classname="TestNg.RunnerScript" name="login" time="8.313"/>
  <system-out/>
</testsuite> <!-- TestNg.RunnerScript -->
