<?xml version="1.0" encoding="UTF-8"?>
<!-- Generated by org.testng.reporters.JUnitReportReporter -->
<testsuite hostname="Vamsi" failures="0" tests="1" name="TestNg.RunnerScript3" time="5.428" errors="0" timestamp="2023-12-13T19:59:26 IST" skipped="0">
  <testcase classname="TestNg.RunnerScript3" name="login1" time="5.428"/>
  <system-out/>
</testsuite> <!-- TestNg.RunnerScript3 -->
